------------------------------------[ 07.07.2024 00:04:00 ]-----------------------------------
Core 0.3.5 encountered a ClassCastException
Running Paper 1.20.4-R0.1-SNAPSHOT and Java 20.0.1
Plugins: PlaceholderAPI v2.11.6, UltraEconomy v2.8.0, Vault v1.7.3-b131, NBTAPI v2.12.4, Core v0.3.5
----------------------------------------------------------------------------------------------

More Information: 
Failed to execute command /nation 
ClassCastException class com.destroystokyo.paper.console.TerminalConsoleCommandSender cannot be cast to class org.bukkit.entity.Player (com.destroystokyo.paper.console.TerminalConsoleCommandSender and org.bukkit.entity.Player are in unnamed module of loader java.net.URLClassLoader @1b68ddbd)
	 at Core.jar//net.bytebond.core.commands.NationCommand.getNoParamsHeader(NationCommand.java:46)
	 at Core.jar//org.mineacademy.fo.command.SimpleCommandGroup$MainCommand.onCommand(SimpleCommandGroup.java:429)
	 at Core.jar//org.mineacademy.fo.command.SimpleCommand.execute(SimpleCommand.java:406)
	 at org.bukkit.command.SimpleCommandMap.dispatch(SimpleCommandMap.java:155)
	 at org.bukkit.craftbukkit.v1_20_R3.CraftServer.dispatchCommand(CraftServer.java:999)
	 at org.bukkit.craftbukkit.v1_20_R3.CraftServer.dispatchServerCommand(CraftServer.java:984)
----------------------------------------------------------------------------------------------


------------------------------------[ 07.07.2024 00:05:58 ]-----------------------------------
Core 0.3.5 encountered a ClassCastException
Running Paper 1.20.4-R0.1-SNAPSHOT and Java 20.0.1
Plugins: PlaceholderAPI v2.11.6, UltraEconomy v2.8.0, Vault v1.7.3-b131, NBTAPI v2.12.4, Core v0.3.5
----------------------------------------------------------------------------------------------

More Information: 
Failed to execute command /nation 
ClassCastException class com.destroystokyo.paper.console.TerminalConsoleCommandSender cannot be cast to class org.bukkit.entity.Player (com.destroystokyo.paper.console.TerminalConsoleCommandSender and org.bukkit.entity.Player are in unnamed module of loader java.net.URLClassLoader @1b68ddbd)
	 at Core.jar//net.bytebond.core.commands.NationCommand.getNoParamsHeader(NationCommand.java:47)
	 at Core.jar//org.mineacademy.fo.command.SimpleCommandGroup$MainCommand.onCommand(SimpleCommandGroup.java:429)
	 at Core.jar//org.mineacademy.fo.command.SimpleCommand.execute(SimpleCommand.java:406)
	 at org.bukkit.command.SimpleCommandMap.dispatch(SimpleCommandMap.java:155)
	 at org.bukkit.craftbukkit.v1_20_R3.CraftServer.dispatchCommand(CraftServer.java:999)
	 at org.bukkit.craftbukkit.v1_20_R3.CraftServer.dispatchServerCommand(CraftServer.java:984)
----------------------------------------------------------------------------------------------


------------------------------------[ 07.07.2024 00:06:11 ]-----------------------------------
Core 0.3.5 encountered a ClassCastException
Running Paper 1.20.4-R0.1-SNAPSHOT and Java 20.0.1
Plugins: PlaceholderAPI v2.11.6, UltraEconomy v2.8.0, Vault v1.7.3-b131, NBTAPI v2.12.4, Core v0.3.5
----------------------------------------------------------------------------------------------

More Information: 
Failed to execute command /nation 
ClassCastException class com.destroystokyo.paper.console.TerminalConsoleCommandSender cannot be cast to class org.bukkit.entity.Player (com.destroystokyo.paper.console.TerminalConsoleCommandSender and org.bukkit.entity.Player are in unnamed module of loader java.net.URLClassLoader @1b68ddbd)
	 at Core.jar//net.bytebond.core.commands.NationCommand.getNoParamsHeader(NationCommand.java:50)
	 at Core.jar//org.mineacademy.fo.command.SimpleCommandGroup$MainCommand.onCommand(SimpleCommandGroup.java:429)
	 at Core.jar//org.mineacademy.fo.command.SimpleCommand.execute(SimpleCommand.java:406)
	 at org.bukkit.command.SimpleCommandMap.dispatch(SimpleCommandMap.java:155)
	 at org.bukkit.craftbukkit.v1_20_R3.CraftServer.dispatchCommand(CraftServer.java:999)
	 at org.bukkit.craftbukkit.v1_20_R3.CraftServer.dispatchServerCommand(CraftServer.java:984)
----------------------------------------------------------------------------------------------


